[12:42:51] [Server thread/INFO]: Starting minecraft server version 1.15.1
[12:42:51] [Server thread/INFO]: Loading properties
[12:42:51] [Server console handler/ERROR]: Exception handling console input
java.io.IOException: Descripteur non valide
	at java.io.FileInputStream.readBytes(Native Method) ~[?:?]
	at java.io.FileInputStream.read(FileInputStream.java:273) ~[?:?]
	at java.io.BufferedInputStream.fill(BufferedInputStream.java:245) ~[?:?]
	at java.io.BufferedInputStream.read(BufferedInputStream.java:264) ~[?:?]
	at org.bukkit.craftbukkit.libs.jline.internal.NonBlockingInputStream.read(NonBlockingInputStream.java:248) ~[spigot-1.15.1.jar:git-Spigot-2ee05fe-d31f05f]
	at org.bukkit.craftbukkit.libs.jline.internal.InputStreamReader.read(InputStreamReader.java:261) ~[spigot-1.15.1.jar:git-Spigot-2ee05fe-d31f05f]
	at org.bukkit.craftbukkit.libs.jline.internal.InputStreamReader.read(InputStreamReader.java:198) ~[spigot-1.15.1.jar:git-Spigot-2ee05fe-d31f05f]
	at org.bukkit.craftbukkit.libs.jline.console.ConsoleReader.readCharacter(ConsoleReader.java:2145) ~[spigot-1.15.1.jar:git-Spigot-2ee05fe-d31f05f]
	at org.bukkit.craftbukkit.libs.jline.console.ConsoleReader.readLineSimple(ConsoleReader.java:3183) ~[spigot-1.15.1.jar:git-Spigot-2ee05fe-d31f05f]
	at org.bukkit.craftbukkit.libs.jline.console.ConsoleReader.readLine(ConsoleReader.java:2333) ~[spigot-1.15.1.jar:git-Spigot-2ee05fe-d31f05f]
	at org.bukkit.craftbukkit.libs.jline.console.ConsoleReader.readLine(ConsoleReader.java:2269) ~[spigot-1.15.1.jar:git-Spigot-2ee05fe-d31f05f]
	at org.bukkit.craftbukkit.libs.jline.console.ConsoleReader.readLine(ConsoleReader.java:2257) ~[spigot-1.15.1.jar:git-Spigot-2ee05fe-d31f05f]
	at net.minecraft.server.v1_15_R1.DedicatedServer$2.run(DedicatedServer.java:97) [spigot-1.15.1.jar:git-Spigot-2ee05fe-d31f05f]
[12:42:52] [Server thread/INFO]: This server is running CraftBukkit version git-Spigot-2ee05fe-d31f05f (MC: 1.15.1) (Implementing API version 1.15.1-R0.1-SNAPSHOT)
[12:42:52] [Server thread/INFO]: Debug logging is disabled
[12:42:52] [Server thread/INFO]: Server Ping Player Sample Count: 12

[12:42:52] [Server thread/INFO]: Using 4 threads for Netty based IO
[12:42:52] [Server thread/INFO]: Default game type: SURVIVAL
[12:42:52] [Server thread/INFO]: Generating keypair
[12:42:52] [Server thread/INFO]: Starting Minecraft server on *:25565
[12:42:52] [Server thread/INFO]: Using default channel type
[12:42:54] [Server thread/INFO]: Preparing level "world"
[12:42:55] [Server thread/INFO]: Found new data pack file/bukkit, loading it automatically
[12:42:55] [Server thread/INFO]: Reloading ResourceManager: Default, bukkit
[12:43:00] [Server thread/INFO]: Loaded 6 recipes
[12:43:08] [main/WARN]: Ambiguity between arguments [teleport, destination] and [teleport, targets] with inputs: [Player, 0123, @e, dd12be42-52a9-4a91-a8a1-11c01849e498]
[12:43:08] [main/WARN]: Ambiguity between arguments [teleport, location] and [teleport, destination] with inputs: [0.1 -0.5 .9, 0 0 0]
[12:43:08] [main/WARN]: Ambiguity between arguments [teleport, location] and [teleport, targets] with inputs: [0.1 -0.5 .9, 0 0 0]
[12:43:08] [main/WARN]: Ambiguity between arguments [teleport, targets] and [teleport, destination] with inputs: [Player, 0123, dd12be42-52a9-4a91-a8a1-11c01849e498]
[12:43:08] [main/WARN]: Ambiguity between arguments [teleport, targets, location] and [teleport, targets, destination] with inputs: [0.1 -0.5 .9, 0 0 0]
[12:43:08] [Server thread/INFO]: Starting minecraft server version 1.15.1
[12:43:08] [Server thread/INFO]: Loading properties
[12:43:08] [Server thread/INFO]: Default game type: SURVIVAL
[12:43:08] [Server thread/INFO]: Generating keypair
[12:43:08] [Server thread/INFO]: Starting Minecraft server on *:25565
[12:43:08] [Server thread/INFO]: Using default channel type
[12:43:11] [Server thread/WARN]: **** FAILED TO BIND TO PORT!
[12:43:11] [Server thread/WARN]: The exception was: java.net.BindException: Address already in use: bind
[12:43:11] [Server thread/WARN]: Perhaps a server is already running on that port?
[12:43:11] [Server thread/INFO]: Stopping server
[12:43:11] [Server thread/INFO]: Saving worlds
[12:43:11] [Server thread/ERROR]: Exception stopping the server
java.lang.NullPointerException: null
	at net.minecraft.server.MinecraftServer.a(SourceFile:558) ~[server.jar:?]
	at net.minecraft.server.MinecraftServer.r(SourceFile:586) ~[server.jar:?]
	at wd.r(SourceFile:593) ~[server.jar:?]
	at net.minecraft.server.MinecraftServer.run(SourceFile:688) [server.jar:?]
	at java.lang.Thread.run(Unknown Source) [?:1.8.0_241]
2:43:01] [Server thread/INFO]: Custom Map Seeds:  Village: 10387312 Desert: 14357617 Igloo: 14357618 Jungle: 14357619 Swamp: 14357620 Monument: 10387313Ocean: 14357621 Shipwreck: 165745295 Slime: 987234911
[12:43:01] [Server thread/INFO]: Tile Max Tick Time: 50ms Entity max Tick Time: 50ms
[12:43:01] [Server thread/INFO]: Max TNT Explosions: 100
[12:43:01] [Server thread/INFO]: Zombie Aggressive Towards Villager: true
[12:43:01] [Server thread/INFO]: ---- Migration of old nether folder required ----
[12:43:01] [Server thread/INFO]: Unfortunately due to the way that Minecraft implemented multiworld support in 1.6, Bukkit requires that you move your nether folder to a new location in order to operate correctly.
[12:43:01] [Server thread/INFO]: We will move this folder for you, but it will mean that you need to move it back should you wish to stop using Bukkit in the future.
[12:43:01] [Server thread/INFO]: Attempting to move world\DIM-1 to world_nether\DIM-1...
[12:43:01] [Server thread/INFO]: Success! To restore nether in the future, simply move world_nether\DIM-1 to world\DIM-1
[12:43:01] [Server thread/INFO]: ---- Migration of old nether folder complete ----
[12:43:01] [Server thread/INFO]: -------- World Settings For [world_nether] --------
[12:43:01] [Server thread/INFO]: View Distance: 10
[12:43:01] [Server thread/INFO]: Item Despawn Rate: 6000
[12:43:01] [Server thread/INFO]: Item Merge Radius: 2.5
[12:43:01] [Server thread/INFO]: Allow Zombie Pigmen to spawn from portal blocks: true
[12:43:01] [Server thread/INFO]: Arrow Despawn Rate: 1200 Trident Respawn Rate:1200
[12:43:01] [Server thread/INFO]: Nerfing mobs spawned from spawners: false
[12:43:01] [Server thread/INFO]: Cactus Growth Modifier: 100%
[12:43:01] [Server thread/INFO]: Cane Growth Modifier: 100%
[12:43:01] [Server thread/INFO]: Melon Growth Modifier: 100%
[12:43:01] [Server thread/INFO]: Mushroom Growth Modifier: 100%
[12:43:01] [Server thread/INFO]: Pumpkin Growth Modifier: 100%
[12:43:01] [Server thread/INFO]: Sapling Growth Modifier: 100%
[12:43:01] [Server thread/INFO]: Beetroot Growth Modifier: 100%
[12:43:01] [Server thread/INFO]: Carrot Growth Modifier: 100%
[12:43:01] [Server thread/INFO]: Potato Growth Modifier: 100%
[12:43:01] [Server thread/INFO]: Wheat Growth Modifier: 100%
[12:43:01] [Server thread/INFO]: NetherWart Growth Modifier: 100%
[12:43:01] [Server thread/INFO]: Vine Growth Modifier: 100%
[12:43:01] [Server thread/INFO]: Cocoa Growth Modifier: 100%
[12:43:01] [Server thread/INFO]: Bamboo Growth Modifier: 100%
[12:43:01] [Server thread/INFO]: SweetBerry Growth Modifier: 100%
[12:43:01] [Server thread/INFO]: Kelp Growth Modifier: 100%
[12:43:01] [Server thread/INFO]: Mob Spawn Range: 6
[12:43:01] [Server thread/INFO]: Experience Merge Radius: 3.0
[12:43:01] [Server thread/INFO]: Entity Tracking Range: Pl 48 / An 48 / Mo 48 / Mi 32 / Other 64
[12:43:01] [Server thread/INFO]: Entity Activation Range: An 32 / Mo 32 / Ra 48 / Mi 16 / Tiv true
[12:43:01] [Server thread/INFO]: Hopper Transfer: 8 Hopper Check: 1 Hopper Amount: 1
[12:43:01] [Server thread/INFO]: Custom Map Seeds:  Village: 10387312 Desert: 14357617 Igloo: 14357618 Jungle: 14357619 Swamp: 14357620 Monument: 10387313Ocean: 14357621 Shipwreck: 165745295 Slime: 987234911
[12:43:01] [Server thread/INFO]: Tile Max Tick Time: 50ms Entity max Tick Time: 50ms
[12:43:01] [Server thread/INFO]: Max TNT Explosions: 100
[12:43:01] [Server thread/INFO]: Zombie Aggressive Towards Villager: true
[12:43:01] [Server thread/INFO]: ---- Migration of old the_end folder required ----
[12:43:01] [Server thread/INFO]: Unfortunately due to the way that Minecraft implemented multiworld support in 1.6, Bukkit requires that you move your the_end folder to a new location in order to operate correctly.
[12:43:01] [Server thread/INFO]: We will move this folder for you, but it will mean that you need to move it back should you wish to stop using Bukkit in the future.
[12:43:01] [Server thread/INFO]: Attempting to move world\DIM1 to world_the_end\DIM1...
[12:43:01] [Server thread/INFO]: Success! To restore the_end in the future, simply move world_the_end\DIM1 to world\DIM1
[12:43:01] [Server thread/INFO]: ---- Migration of old the_end folder complete ----
[12:43:01] [Server thread/INFO]: -------- World Settings For [world_the_end] --------
[12:43:01] [Server thread/INFO]: View Distance: 10
[12:43:01] [Server thread/INFO]: Item Despawn Rate: 6000
[12:43:01] [Server thread/INFO]: Item Merge Radius: 2.5
[12:43:01] [Server thread/INFO]: Allow Zombie Pigmen to spawn from portal blocks: true
[12:43:01] [Server thread/INFO]: Arrow Despawn Rate: 1200 Trident Respawn Rate:1200
[12:43:01] [Server thread/INFO]: Nerfing mobs spawned from spawners: false
[12:43:01] [Server thread/INFO]: Cactus Growth Modifier: 100%
[12:43:01] [Server thread/INFO]: Cane Growth Modifier: 100%
[12:43:01] [Server thread/INFO]: Melon Growth Modifier: 100%
[12:43:01] [Server thread/INFO]: Mushroom Growth Modifier: 100%
[12:43:01] [Server thread/INFO]: Pumpkin Growth Modifier: 100%
[12:43:01] [Server thread/INFO]: Sapling Growth Modifier: 100%
[12:43:01] [Server thread/INFO]: Beetroot Growth Modifier: 100%
[12:43:01] [Server thread/INFO]: Carrot Growth Modifier: 100%
[12:43:01] [Server thread/INFO]: Potato Growth Modifier: 100%
[12:43:01] [Server thread/INFO]: Wheat Growth Modifier: 100%
[12:43:01] [Server thread/INFO]: NetherWart Growth Modifier: 100%
[12:43:01] [Server thread/INFO]: Vine Growth Modifier: 100%
[12:43:01] [Server thread/INFO]: Cocoa Growth Modifier: 100%
[12:43:01] [Server thread/INFO]: Bamboo Growth Modifier: 100%
[12:43:01] [Server thread/INFO]: SweetBerry Growth Modifier: 100%
[12:43:01] [Server thread/INFO]: Kelp Growth Modifier: 100%
[12:43:01] [Server thread/INFO]: Mob Spawn Range: 6
[12:43:01] [Server thread/INFO]: Experience Merge Radius: 3.0
[12:43:01] [Server thread/INFO]: Entity Tracking Range: Pl 48 / An 48 / Mo 48 / Mi 32 / Other 64
[12:43:01] [Server thread/INFO]: Entity Activation Range: An 32 / Mo 32 / Ra 48 / Mi 16 / Tiv true
[12:43:01] [Server thread/INFO]: Hopper Transfer: 8 Hopper Check: 1 Hopper Amount: 1
[12:43:01] [Server thread/INFO]: Custom Map Seeds:  Village: 10387312 Desert: 14357617 Igloo: 14357618 Jungle: 14357619 Swamp: 14357620 Monument: 10387313Ocean: 14357621 Shipwreck: 165745295 Slime: 987234911
[12:43:01] [Server thread/INFO]: Tile Max Tick Time: 50ms Entity max Tick Time: 50ms
[12:43:01] [Server thread/INFO]: Max TNT Explosions: 100
[12:43:01] [Server thread/INFO]: Zombie Aggressive Towards Villager: true
[12:43:01] [Server thread/INFO]: Preparing start region for dimension 'world'/minecraft:overworld
[12:43:03] [Server thread/INFO]: Preparing spawn area: 0%
[12:43:03] [Server thread/INFO]: Preparing spawn area: 0%
[12:43:03] [Server thread/INFO]: Preparing spawn area: 0%
[12:43:03] [Server thread/INFO]: Preparing spawn area: 0%
[12:43:11] [Server-Worker-2/INFO]: Preparing spawn area: 83%
[12:43:11] [Server-Worker-5/INFO]: Preparing spawn area: 83%
[12:43:11] [Server-Worker-5/INFO]: Preparing spawn area: 83%
[12:43:11] [Server-Worker-5/INFO]: Preparing spawn area: 83%
[12:43:11] [Server-Worker-2/INFO]: Preparing spawn area: 83%
[12:43:11] [Server-Worker-5/INFO]: Preparing spawn area: 83%
[12:43:11] [Server-Worker-6/INFO]: Preparing spawn area: 83%
[12:43:11] [Server-Worker-2/INFO]: Preparing spawn area: 83%
[12:43:11] [Server-Worker-2/INFO]: Preparing spawn area: 83%
[12:43:11] [Server-Worker-1/INFO]: Preparing spawn area: 83%
[12:43:11] [Server-Worker-6/INFO]: Preparing spawn area: 83%
[12:43:11] [Server-Worker-6/INFO]: Preparing spawn area: 83%
[12:43:11] [Server-Worker-5/INFO]: Preparing spawn area: 83%
[12:43:11] [Server-Worker-5/INFO]: Preparing spawn area: 83%
[12:43:11] [Server-Worker-5/INFO]: Preparing spawn area: 83%
[12:43:11] [Server-Worker-5/INFO]: Preparing spawn area: 83%
[12:43:11] [Server-Worker-5/INFO]: Preparing spawn area: 83%
[12:43:12] [Server-Worker-7/INFO]: Preparing spawn area: 83%
[12:43:12] [Server-Worker-1/INFO]: Preparing spawn area: 83%
[12:43:13] [Server-Worker-7/INFO]: Preparing spawn area: 83%
[12:43:13] [Server-Worker-6/INFO]: Preparing spawn area: 87%
[12:43:14] [Server-Worker-7/INFO]: Preparing spawn area: 93%
[12:43:14] [Server thread/INFO]: Time elapsed: 12819 ms
[12:43:14] [Server thread/INFO]: Preparing start region for dimension 'world_nether'/minecraft:the_nether
[12:43:14] [Server-Worker-1/INFO]: Preparing spawn area: 0%
[12:43:15] [Server-Worker-2/INFO]: Preparing spawn area: 0%
[12:43:15] [Server-Worker-3/INFO]: Preparing spawn area: 4%
[12:43:16] [Server-Worker-2/INFO]: Preparing spawn area: 9%
[12:43:16] [Server-Worker-5/INFO]: Preparing spawn area: 15%
[12:43:17] [Server-Worker-2/INFO]: Preparing spawn area: 24%
[12:43:17] [Server-Worker-1/INFO]: Preparing spawn area: 33%
[12:43:18] [Server-Worker-6/INFO]: Preparing spawn area: 47%
[12:43:18] [Server-Worker-6/INFO]: Preparing spawn area: 61%
[12:43:19] [Server-Worker-1/INFO]: Preparing spawn area: 75%
[12:43:19] [Server-Worker-4/INFO]: Preparing spawn area: 86%
[12:43:20] [Server-Worker-5/INFO]: Preparing spawn area: 99%
[12:43:20] [Server thread/INFO]: Time elapsed: 5551 ms
[12:43:20] [Server thread/INFO]: Preparing start region for dimension 'world_the_end'/minecraft:the_end
[12:43:20] [Server-Worker-7/INFO]: Preparing spawn area: 0%
[12:43:20] [Server-Worker-1/INFO]: Preparing spawn area: 12%
[12:43:21] [Server-Worker-6/INFO]: Preparing spawn area: 57%
[12:43:21] [Server thread/INFO]: Time elapsed: 1462 ms
[12:43:21] [Server thread/INFO]: Done (26.878s)! For help, type "help"
