[18:00:52] [Server thread/INFO]: Starting minecraft server version 1.15.2
[18:00:52] [Server thread/INFO]: Loading properties
[18:00:53] [Server thread/INFO]: This server is running CraftBukkit version git-Spigot-800b93f-8160e29 (MC: 1.15.2) (Implementing API version 1.15.2-R0.1-SNAPSHOT)
[18:00:53] [Server thread/INFO]: Debug logging is disabled
[18:00:53] [Server thread/INFO]: Server Ping Player Sample Count: 12
[18:00:53] [Server thread/INFO]: Using 4 threads for Netty based IO
[18:00:53] [Server thread/INFO]: Default game type: SURVIVAL
[18:00:53] [Server thread/INFO]: Generating keypair
[18:00:53] [Server thread/INFO]: Starting Minecraft server on *:25565
[18:00:53] [Server thread/INFO]: Using default channel type
[18:01:01] [Server thread/INFO]: [Essentials] Loading Essentials v2.17.2.43
[18:01:01] [Server thread/INFO]: [ProtocolLib] Loading ProtocolLib v4.5.0
[18:01:01] [Server thread/WARN]: [ProtocolLib] Version (MC: 1.15.2) has not yet been tested! Proceed with caution.
[18:01:01] [Server thread/INFO]: [LoupGarou] Loading LoupGarou v1.0.1
[18:01:01] [Server thread/INFO]: [ProtocolLib] Enabling ProtocolLib v4.5.0
[18:01:01] [Server thread/INFO]: [ProtocolLib] Started structure compiler thread.
[18:01:01] [Server thread/WARN]: **** SERVER IS RUNNING IN OFFLINE/INSECURE MODE!
[18:01:01] [Server thread/WARN]: The server will make no attempt to authenticate usernames. Beware.
[18:01:01] [Server thread/WARN]: While this makes the game possible to play without internet access, it also opens up the ability for hackers to connect with any username they choose.
[18:01:01] [Server thread/WARN]: To change this, set "online-mode" to "true" in the server.properties file.
[18:01:01] [Server thread/INFO]: Preparing level "world"
[18:01:01] [Server thread/INFO]: Reloading ResourceManager: Default, bukkit
[18:01:02] [Server thread/INFO]: Loaded 6 recipes
[18:01:02] [Server thread/INFO]: -------- World Settings For [world] --------
[18:01:02] [Server thread/INFO]: View Distance: 10
[18:01:02] [Server thread/INFO]: Arrow Despawn Rate: 1200 Trident Respawn Rate:1200
[18:01:02] [Server thread/INFO]: Item Despawn Rate: 6000
[18:01:02] [Server thread/INFO]: Item Merge Radius: 2.5
[18:01:02] [Server thread/INFO]: Allow Zombie Pigmen to spawn from portal blocks: true
[18:01:02] [Server thread/INFO]: Zombie Aggressive Towards Villager: true
[18:01:02] [Server thread/INFO]: Custom Map Seeds:  Village: 10387312 Desert: 14357617 Igloo: 14357618 Jungle: 14357619 Swamp: 14357620 Monument: 10387313Ocean: 14357621 Shipwreck: 165745295 Slime: 987234911
[18:01:02] [Server thread/INFO]: Nerfing mobs spawned from spawners: false
[18:01:02] [Server thread/INFO]: Experience Merge Radius: 3.0
[18:01:02] [Server thread/INFO]: Mob Spawn Range: 6
[18:01:02] [Server thread/INFO]: Hopper Transfer: 8 Hopper Check: 1 Hopper Amount: 1
[18:01:02] [Server thread/INFO]: Cactus Growth Modifier: 100%
[18:01:02] [Server thread/INFO]: Cane Growth Modifier: 100%
[18:01:02] [Server thread/INFO]: Melon Growth Modifier: 100%
[18:01:02] [Server thread/INFO]: Mushroom Growth Modifier: 100%
[18:01:02] [Server thread/INFO]: Pumpkin Growth Modifier: 100%
[18:01:02] [Server thread/INFO]: Sapling Growth Modifier: 100%
[18:01:02] [Server thread/INFO]: Beetroot Growth Modifier: 100%
[18:01:02] [Server thread/INFO]: Carrot Growth Modifier: 100%
[18:01:02] [Server thread/INFO]: Potato Growth Modifier: 100%
[18:01:02] [Server thread/INFO]: Wheat Growth Modifier: 100%
[18:01:02] [Server thread/INFO]: NetherWart Growth Modifier: 100%
[18:01:02] [Server thread/INFO]: Vine Growth Modifier: 100%
[18:01:02] [Server thread/INFO]: Cocoa Growth Modifier: 100%
[18:01:02] [Server thread/INFO]: Bamboo Growth Modifier: 100%
[18:01:02] [Server thread/INFO]: SweetBerry Growth Modifier: 100%
[18:01:02] [Server thread/INFO]: Kelp Growth Modifier: 100%
[18:01:02] [Server thread/INFO]: Max TNT Explosions: 100
[18:01:02] [Server thread/INFO]: Entity Tracking Range: Pl 48 / An 48 / Mo 48 / Mi 32 / Other 64
[18:01:02] [Server thread/INFO]: Tile Max Tick Time: 50ms Entity max Tick Time: 50ms
[18:01:02] [Server thread/INFO]: Entity Activation Range: An 32 / Mo 32 / Ra 48 / Mi 16 / Tiv true
[18:01:02] [Server thread/INFO]: -------- World Settings For [world_nether] --------
[18:01:02] [Server thread/INFO]: View Distance: 10
[18:01:02] [Server thread/INFO]: Arrow Despawn Rate: 1200 Trident Respawn Rate:1200
[18:01:02] [Server thread/INFO]: Item Despawn Rate: 6000
[18:01:02] [Server thread/INFO]: Item Merge Radius: 2.5
[18:01:02] [Server thread/INFO]: Allow Zombie Pigmen to spawn from portal blocks: true
[18:01:02] [Server thread/INFO]: Zombie Aggressive Towards Villager: true
[18:01:02] [Server thread/INFO]: Custom Map Seeds:  Village: 10387312 Desert: 14357617 Igloo: 14357618 Jungle: 14357619 Swamp: 14357620 Monument: 10387313Ocean: 14357621 Shipwreck: 165745295 Slime: 987234911
[18:01:02] [Server thread/INFO]: Nerfing mobs spawned from spawners: false
[18:01:02] [Server thread/INFO]: Experience Merge Radius: 3.0
[18:01:02] [Server thread/INFO]: Mob Spawn Range: 6
[18:01:02] [Server thread/INFO]: Hopper Transfer: 8 Hopper Check: 1 Hopper Amount: 1
[18:01:02] [Server thread/INFO]: Cactus Growth Modifier: 100%
[18:01:02] [Server thread/INFO]: Cane Growth Modifier: 100%
[18:01:02] [Server thread/INFO]: Melon Growth Modifier: 100%
[18:01:02] [Server thread/INFO]: Mushroom Growth Modifier: 100%
[18:01:02] [Server thread/INFO]: Pumpkin Growth Modifier: 100%
[18:01:02] [Server thread/INFO]: Sapling Growth Modifier: 100%
[18:01:02] [Server thread/INFO]: Beetroot Growth Modifier: 100%
[18:01:02] [Server thread/INFO]: Carrot Growth Modifier: 100%
[18:01:02] [Server thread/INFO]: Potato Growth Modifier: 100%
[18:01:02] [Server thread/INFO]: Wheat Growth Modifier: 100%
[18:01:02] [Server thread/INFO]: NetherWart Growth Modifier: 100%
[18:01:02] [Server thread/INFO]: Vine Growth Modifier: 100%
[18:01:02] [Server thread/INFO]: Cocoa Growth Modifier: 100%
[18:01:02] [Server thread/INFO]: Bamboo Growth Modifier: 100%
[18:01:02] [Server thread/INFO]: SweetBerry Growth Modifier: 100%
[18:01:02] [Server thread/INFO]: Kelp Growth Modifier: 100%
[18:01:02] [Server thread/INFO]: Max TNT Explosions: 100
[18:01:02] [Server thread/INFO]: Entity Tracking Range: Pl 48 / An 48 / Mo 48 / Mi 32 / Other 64
[18:01:02] [Server thread/INFO]: Tile Max Tick Time: 50ms Entity max Tick Time: 50ms
[18:01:02] [Server thread/INFO]: Entity Activation Range: An 32 / Mo 32 / Ra 48 / Mi 16 / Tiv true
[18:01:03] [Server thread/INFO]: -------- World Settings For [world_the_end] --------
[18:01:03] [Server thread/INFO]: View Distance: 10
[18:01:03] [Server thread/INFO]: Arrow Despawn Rate: 1200 Trident Respawn Rate:1200
[18:01:03] [Server thread/INFO]: Item Despawn Rate: 6000
[18:01:03] [Server thread/INFO]: Item Merge Radius: 2.5
[18:01:03] [Server thread/INFO]: Allow Zombie Pigmen to spawn from portal blocks: true
[18:01:03] [Server thread/INFO]: Zombie Aggressive Towards Villager: true
[18:01:03] [Server thread/INFO]: Custom Map Seeds:  Village: 10387312 Desert: 14357617 Igloo: 14357618 Jungle: 14357619 Swamp: 14357620 Monument: 10387313Ocean: 14357621 Shipwreck: 165745295 Slime: 987234911
[18:01:03] [Server thread/INFO]: Nerfing mobs spawned from spawners: false
[18:01:03] [Server thread/INFO]: Experience Merge Radius: 3.0
[18:01:03] [Server thread/INFO]: Mob Spawn Range: 6
[18:01:03] [Server thread/INFO]: Hopper Transfer: 8 Hopper Check: 1 Hopper Amount: 1
[18:01:03] [Server thread/INFO]: Cactus Growth Modifier: 100%
[18:01:03] [Server thread/INFO]: Cane Growth Modifier: 100%
[18:01:03] [Server thread/INFO]: Melon Growth Modifier: 100%
[18:01:03] [Server thread/INFO]: Mushroom Growth Modifier: 100%
[18:01:03] [Server thread/INFO]: Pumpkin Growth Modifier: 100%
[18:01:03] [Server thread/INFO]: Sapling Growth Modifier: 100%
[18:01:03] [Server thread/INFO]: Beetroot Growth Modifier: 100%
[18:01:03] [Server thread/INFO]: Carrot Growth Modifier: 100%
[18:01:03] [Server thread/INFO]: Potato Growth Modifier: 100%
[18:01:03] [Server thread/INFO]: Wheat Growth Modifier: 100%
[18:01:03] [Server thread/INFO]: NetherWart Growth Modifier: 100%
[18:01:03] [Server thread/INFO]: Vine Growth Modifier: 100%
[18:01:03] [Server thread/INFO]: Cocoa Growth Modifier: 100%
[18:01:03] [Server thread/INFO]: Bamboo Growth Modifier: 100%
[18:01:03] [Server thread/INFO]: SweetBerry Growth Modifier: 100%
[18:01:03] [Server thread/INFO]: Kelp Growth Modifier: 100%
[18:01:03] [Server thread/INFO]: Max TNT Explosions: 100
[18:01:03] [Server thread/INFO]: Entity Tracking Range: Pl 48 / An 48 / Mo 48 / Mi 32 / Other 64
[18:01:03] [Server thread/INFO]: Tile Max Tick Time: 50ms Entity max Tick Time: 50ms
[18:01:03] [Server thread/INFO]: Entity Activation Range: An 32 / Mo 32 / Ra 48 / Mi 16 / Tiv true
[18:01:03] [Server thread/INFO]: Preparing start region for dimension 'world'/minecraft:overworld
[18:01:03] [Server thread/INFO]: Preparing spawn area: 0%
[18:01:03] [Server thread/INFO]: Preparing spawn area: 0%
[18:01:04] [Server thread/INFO]: Preparing spawn area: 44%
[18:01:04] [Server thread/INFO]: Time elapsed: 1174 ms
[18:01:04] [Server thread/INFO]: Preparing start region for dimension 'world_nether'/minecraft:the_nether
[18:01:05] [Server thread/INFO]: Preparing spawn area: 0%
[18:01:05] [Server thread/INFO]: Preparing spawn area: 0%
[18:01:05] [Server thread/INFO]: Preparing spawn area: 0%
[18:01:05] [Server thread/INFO]: Preparing spawn area: 41%
[18:01:06] [Server-Worker-4/INFO]: Preparing spawn area: 83%
[18:01:06] [Server-Worker-2/INFO]: Preparing spawn area: 83%
[18:01:07] [Server thread/INFO]: Preparing spawn area: 91%
[18:01:07] [Server thread/INFO]: Time elapsed: 3415 ms
[18:01:07] [Server thread/INFO]: Preparing start region for dimension 'world_the_end'/minecraft:the_end
[18:01:08] [Server thread/INFO]: Preparing spawn area: 0%
[18:01:08] [Server thread/INFO]: Preparing spawn area: 0%
[18:01:08] [Server-Worker-7/INFO]: Preparing spawn area: 83%
[18:01:09] [Server thread/INFO]: Time elapsed: 1349 ms
[18:01:09] [Server thread/INFO]: [Essentials] Enabling Essentials v2.17.2.43
[18:01:09] [Server thread/INFO]: Attempting to convert old kits in config.yml to new kits.yml
[18:01:09] [Server thread/INFO]: No kits found to migrate.
[18:01:09] [Server thread/INFO]: [Essentials] Using 1.8.3+ BlockStateMeta provider as mob spawner provider.
[18:01:09] [Server thread/INFO]: [Essentials] Using 1.13+ flat spawn egg provider as spawn egg provider.
[18:01:09] [Server thread/INFO]: [Essentials] Using 1.9+ BasePotionData provider as potion meta provider.
[18:01:09] [Server thread/INFO]: Loaded 21019 items from items.json.
[18:01:09] [Server thread/INFO]: Using locale fr_FR
[18:01:10] [Server thread/INFO]: [Essentials] ServerListPingEvent: Spigot iterator API
[18:01:10] [Server thread/INFO]: [Essentials] Starting Metrics. Opt-out using the global bStats config.
[18:01:10] [Server thread/INFO]: [Essentials] Using superperms-based permissions.
[18:01:10] [Server thread/INFO]: [LoupGarou] Enabling LoupGarou v1.0.1
[18:01:10] [Server thread/INFO]: /[m
[18:01:10] [Server thread/INFO]: Server permissions file permissions.yml is empty, ignoring it
[18:01:10] [Server thread/INFO]: Done (8.766s)! For help, type "help"
[18:01:59] [User Authenticator #1/INFO]: UUID of player Im_SkyDiiNaL is 80f121e7-7b31-3e94-93f3-9cc720650376
[18:01:59] [Server thread/INFO]: Im_SkyDiiNaL[/91.160.139.173:15528] logged in with entity id 69 at ([world]219.5, 4.0, 238.5)
[18:02:01] [pool-8-thread-1/INFO]: Création d'une configuration vierge : E:\ServeurMineCraft\plugins\Essentials\userdata\80f121e7-7b31-3e94-93f3-9cc720650376.yml
[18:02:10] [User Authenticator #2/INFO]: UUID of player Joutix is 9b1ef09c-bc9a-34e9-9c8f-981688573e99
[18:02:10] [Server thread/INFO]: Joutix[/192.168.1.254:58470] logged in with entity id 4970 at ([world]220.03592483081235, 90.0, 228.3406096135322)
[18:02:31] [Server thread/INFO]: Joutix issued server command: /tp
[18:02:34] [Server thread/INFO]: Joutix issued server command: /tp Im_SkyDiiNaL Joutix
[18:02:44] [Server thread/INFO]: Joutix issued server command: /lg start Joutix
[18:02:52] [Server thread/INFO]: Im_SkyDiiNaL est §c§lLoup-Garou
[18:02:52] [Server thread/INFO]: Joutix est §a§lVillageois
[18:03:34] [Server thread/INFO]: Joutix issued server command: /lg roles
[18:03:53] [Server thread/INFO]: Joutix issued server command: /lg roles
[18:04:01] [Server thread/INFO]: Joutix issued server command: /lg roles set LoupGarou 0
[18:04:06] [Server thread/INFO]: Joutix issued server command: /lg roles set Garde 1
[18:04:11] [Server thread/INFO]: Joutix issued server command: /lg joinAll
[18:04:31] [Server thread/INFO]: Joutix issued server command: /lg start Joutix
[18:04:39] [Server thread/INFO]: Joutix est §a§lGarde
[18:04:39] [Server thread/INFO]: Im_SkyDiiNaL est §a§lVillageois
[18:06:24] [Server thread/INFO]: Joutix issued server command: /feed
[18:06:32] [Server thread/INFO]: Joutix issued server command: /op Im_SkyDiiNaL
[18:06:32] [Server thread/INFO]: [Joutix: Made Im_SkyDiiNaL a server operator]
[18:06:42] [Server thread/INFO]: Im_SkyDiiNaL issued server command: /gamemode creative Im_SkyDiiNaL
[18:06:55] [Server thread/INFO]: Joutix issued server command: /gamemode
[18:06:59] [Server thread/INFO]: Joutix issued server command: /gamemode creative
[18:08:22] [Server thread/INFO]: Joutix lost connection: Disconnected
[18:08:22] [Server thread/INFO]: Joutix left the game
[18:08:24] [Server thread/INFO]: Im_SkyDiiNaL lost connection: Disconnected
[18:08:24] [Server thread/INFO]: Im_SkyDiiNaL left the game
